2018-12-07 10:43:16.976  INFO 8052 --- [main] com.parking.app.AppApplication           : Starting AppApplication on SIS-OSMAR with PID 8052 (C:\Users\Christian\Documents\NetBeansProjects\WsParking\target\classes started by Christian in C:\Users\Christian\Documents\NetBeansProjects\WsParking)
2018-12-07 10:43:17.099  INFO 8052 --- [main] com.parking.app.AppApplication           : No active profile set, falling back to default profiles: default
2018-12-07 10:43:18.765  INFO 8052 --- [main] trationDelegate$BeanPostProcessorChecker : Bean 'org.springframework.transaction.annotation.ProxyTransactionManagementConfiguration' of type [org.springframework.transaction.annotation.ProxyTransactionManagementConfiguration$$EnhancerBySpringCGLIB$$7c067475] is not eligible for getting processed by all BeanPostProcessors (for example: not eligible for auto-proxying)
2018-12-07 10:43:23.112  INFO 8052 --- [main] o.s.b.w.embedded.tomcat.TomcatWebServer  : Tomcat initialized with port(s): 8080 (http)
2018-12-07 10:43:23.138  INFO 8052 --- [main] o.apache.catalina.core.StandardService   : Starting service [Tomcat]
2018-12-07 10:43:23.138  INFO 8052 --- [main] org.apache.catalina.core.StandardEngine  : Starting Servlet Engine: Apache Tomcat/9.0.13
2018-12-07 10:43:23.148  INFO 8052 --- [main] o.a.catalina.core.AprLifecycleListener   : The APR based Apache Tomcat Native library which allows optimal performance in production environments was not found on the java.library.path: [C:\Program Files\Java\jdk1.8.0_141\bin;C:\WINDOWS\Sun\Java\bin;C:\WINDOWS\system32;C:\WINDOWS;C:\ProgramData\DockerDesktop\version-bin;C:\Program Files\Docker\Docker\Resources\bin;C:\Program Files (x86)\Tesseract-OCR;C:\Program Files\Microsoft MPI\Bin\;C:\Program Files (x86)\Seagate Software\NOTES\;C:\Program Files (x86)\Seagate Software\NOTES\DATA\;C:\ProgramData\Oracle\Java\javapath;C:\Program Files (x86)\Intel\iCLS Client\;C:\Program Files\Intel\iCLS Client\;C:\WINDOWS\system32;C:\WINDOWS;C:\WINDOWS\System32\Wbem;C:\WINDOWS\System32\WindowsPowerShell\v1.0\;C:\Program Files (x86)\Intel\Intel(R) Management Engine Components\DAL;C:\Program Files\Intel\Intel(R) Management Engine Components\DAL;C:\Program Files (x86)\Intel\Intel(R) Management Engine Components\IPT;C:\Program Files\Intel\Intel(R) Management Engine Components\IPT;C:\Program Files\Microsoft\Web Platform Installer\;C:\Program Files\Microsoft SQL Server\130\Tools\Binn\;C:\Program Files\dotnet\;C:\Program Files (x86)\Microsoft SQL Server\140\Tools\Binn\;C:\Program Files\Microsoft SQL Server\140\Tools\Binn\;C:\Program Files (x86)\Microsoft SQL Server\140\DTS\Binn\;C:\Program Files\Microsoft SQL Server\140\DTS\Binn\;C:\Program Files\Microsoft SQL Server\Client SDK\ODBC\130\Tools\Binn\;C:\Program Files (x86)\Microsoft SQL Server\Client SDK\ODBC\130\Tools\Binn\;C:\Program Files (x86)\Microsoft SQL Server\140\Tools\Binn\ManagementStudio\;C:\bin;C:\wamp\bin\php\php5.5.12;C:\WINDOWS\System32\OpenSSH\;C:\Program Files\nodejs\;C:\Program Files\Microsoft VS Code\bin;C:\AppServ\php7;C:\laragon\bin\php\php-7.1.19-Win32-VC14-x64;C:\ProgramData\ComposerSetup\bin;C:\Program Files\Git\cmd;C:\Program Files\Intel\WiFi\bin\;C:\Program Files\Common Files\Intel\WirelessCommon\;C:\Users\Christian\AppData\Local\Programs\Python\Python37-32\Scripts\;C:\Users\Christian\AppData\Local\Programs\Python\Python37-32\;C:\Progra~1\Java\jdk1.8.0_141\bin;C:\laragon\bin;C:\laragon\bin\apache\httpd-2.4.27-win64-VC14\bin;C:\laragon\bin\composer;C:\laragon\bin\git\bin;C:\laragon\bin\git\cmd;C:\laragon\bin\git\mingw64\bin;C:\laragon\bin\git\usr\bin;C:\laragon\bin\laragon\utils;C:\laragon\bin\mysql\mysql-5.7.19-winx64\bin;C:\laragon\bin\nginx\nginx-1.14.0;C:\laragon\bin\ngrok;C:\laragon\bin\nodejs\node-v8;C:\laragon\bin\notepad++;C:\laragon\bin\php\php-7.1.19-Win32-VC14-x64;C:\laragon\bin\putty;C:\laragon\bin\redis\redis-x64-3.2.100;C:\laragon\bin\telnet;C:\laragon\bin\yarn\bin;C:\laragon\usr\bin;C:\Users\Christian\AppData\Local\Yarn\config\global\node_modules\.bin;C:\Users\Christian\AppData\Roaming\Composer\vendor\bin;C:\Users\Christian\AppData\Roaming\npm;C:\Program Files (x86)\Microsoft Visual Studio\Common\Tools\WinNT;C:\Program Files (x86)\Microsoft Visual Studio\Common\MSDev98\Bin;C:\Program Files (x86)\Microsoft Visual Studio\Common\Tools;C:\Program Files (x86)\Microsoft Visual Studio\VC98\bin;C:\Users\Christian\AppData\Local\Microsoft\WindowsApps;C:\Program Files\Microsoft VS Code\bin;;.]
2018-12-07 10:43:23.336  INFO 8052 --- [main] o.a.c.c.C.[Tomcat].[localhost].[/]       : Initializing Spring embedded WebApplicationContext
2018-12-07 10:43:23.336  INFO 8052 --- [main] o.s.web.context.ContextLoader            : Root WebApplicationContext: initialization completed in 6170 ms
2018-12-07 10:43:24.742  INFO 8052 --- [main] o.s.b.a.e.web.EndpointLinksResolver      : Exposing 2 endpoint(s) beneath base path '/actuator'
2018-12-07 10:43:24.985  INFO 8052 --- [main] o.s.s.concurrent.ThreadPoolTaskExecutor  : Initializing ExecutorService 'applicationTaskExecutor'
2018-12-07 10:43:25.321  INFO 8052 --- [main] d.s.w.p.DocumentationPluginsBootstrapper : Context refreshed
2018-12-07 10:43:25.343  INFO 8052 --- [main] d.s.w.p.DocumentationPluginsBootstrapper : Found 1 custom documentation plugin(s)
2018-12-07 10:43:25.353  INFO 8052 --- [main] s.d.s.w.s.ApiListingReferenceScanner     : Scanning for api listing references
2018-12-07 10:43:25.500  INFO 8052 --- [main] .d.s.w.r.o.CachingOperationNameGenerator : Generating unique operation named: Guardar Reserva_1
2018-12-07 10:43:25.508  INFO 8052 --- [main] .d.s.w.r.o.CachingOperationNameGenerator : Generating unique operation named: Actualizar Tarifa_1
2018-12-07 10:43:25.589  INFO 8052 --- [main] o.s.b.w.embedded.tomcat.TomcatWebServer  : Tomcat started on port(s): 8080 (http) with context path ''
2018-12-07 10:43:25.594  INFO 8052 --- [main] com.parking.app.AppApplication           : Started AppApplication in 9.033 seconds (JVM running for 9.543)
2018-12-07 10:53:18.702  INFO 8052 --- [http-nio-8080-exec-1] o.a.c.c.C.[Tomcat].[localhost].[/]       : Initializing Spring DispatcherServlet 'dispatcherServlet'
2018-12-07 10:53:18.702  INFO 8052 --- [http-nio-8080-exec-1] o.s.web.servlet.DispatcherServlet        : Initializing Servlet 'dispatcherServlet'
2018-12-07 10:53:18.811  INFO 8052 --- [http-nio-8080-exec-1] o.s.web.servlet.DispatcherServlet        : Completed initialization in 91 ms
2018-12-07 10:53:19.174  INFO 8052 --- [http-nio-8080-exec-1] com.zaxxer.hikari.HikariDataSource       : HikariPool-1 - Starting...
2018-12-07 10:53:19.209  WARN 8052 --- [http-nio-8080-exec-1] com.zaxxer.hikari.util.DriverDataSource  : Registered driver with driverClassName=com.mysql.jdbc.Driver was not found, trying direct instantiation.
2018-12-07 10:53:22.565  INFO 8052 --- [http-nio-8080-exec-1] com.zaxxer.hikari.HikariDataSource       : HikariPool-1 - Start completed.
2018-12-07 14:21:15.186  INFO 11772 --- [main] com.parking.app.AppApplication           : Starting AppApplication on SIS-OSMAR with PID 11772 (C:\Users\Christian\Documents\NetBeansProjects\WsParking\target\classes started by Christian in C:\Users\Christian\Documents\NetBeansProjects\WsParking)
2018-12-07 14:21:15.220  INFO 11772 --- [main] com.parking.app.AppApplication           : No active profile set, falling back to default profiles: default
2018-12-07 14:21:19.866  INFO 11772 --- [main] trationDelegate$BeanPostProcessorChecker : Bean 'org.springframework.transaction.annotation.ProxyTransactionManagementConfiguration' of type [org.springframework.transaction.annotation.ProxyTransactionManagementConfiguration$$EnhancerBySpringCGLIB$$c21db9fe] is not eligible for getting processed by all BeanPostProcessors (for example: not eligible for auto-proxying)
2018-12-07 14:21:21.601  INFO 11772 --- [main] o.s.b.w.embedded.tomcat.TomcatWebServer  : Tomcat initialized with port(s): 8080 (http)
2018-12-07 14:21:21.677  INFO 11772 --- [main] o.apache.catalina.core.StandardService   : Starting service [Tomcat]
2018-12-07 14:21:21.677  INFO 11772 --- [main] org.apache.catalina.core.StandardEngine  : Starting Servlet Engine: Apache Tomcat/9.0.13
2018-12-07 14:21:21.727  INFO 11772 --- [main] o.a.catalina.core.AprLifecycleListener   : The APR based Apache Tomcat Native library which allows optimal performance in production environments was not found on the java.library.path: [C:\Program Files\Java\jdk1.8.0_141\bin;C:\WINDOWS\Sun\Java\bin;C:\WINDOWS\system32;C:\WINDOWS;C:\ProgramData\DockerDesktop\version-bin;C:\Program Files\Docker\Docker\Resources\bin;C:\Program Files (x86)\Tesseract-OCR;C:\Program Files\Microsoft MPI\Bin\;C:\Program Files (x86)\Seagate Software\NOTES\;C:\Program Files (x86)\Seagate Software\NOTES\DATA\;C:\ProgramData\Oracle\Java\javapath;C:\Program Files (x86)\Intel\iCLS Client\;C:\Program Files\Intel\iCLS Client\;C:\WINDOWS\system32;C:\WINDOWS;C:\WINDOWS\System32\Wbem;C:\WINDOWS\System32\WindowsPowerShell\v1.0\;C:\Program Files (x86)\Intel\Intel(R) Management Engine Components\DAL;C:\Program Files\Intel\Intel(R) Management Engine Components\DAL;C:\Program Files (x86)\Intel\Intel(R) Management Engine Components\IPT;C:\Program Files\Intel\Intel(R) Management Engine Components\IPT;C:\Program Files\Microsoft\Web Platform Installer\;C:\Program Files\Microsoft SQL Server\130\Tools\Binn\;C:\Program Files\dotnet\;C:\Program Files (x86)\Microsoft SQL Server\140\Tools\Binn\;C:\Program Files\Microsoft SQL Server\140\Tools\Binn\;C:\Program Files (x86)\Microsoft SQL Server\140\DTS\Binn\;C:\Program Files\Microsoft SQL Server\140\DTS\Binn\;C:\Program Files\Microsoft SQL Server\Client SDK\ODBC\130\Tools\Binn\;C:\Program Files (x86)\Microsoft SQL Server\Client SDK\ODBC\130\Tools\Binn\;C:\Program Files (x86)\Microsoft SQL Server\140\Tools\Binn\ManagementStudio\;C:\bin;C:\wamp\bin\php\php5.5.12;C:\WINDOWS\System32\OpenSSH\;C:\Program Files\nodejs\;C:\Program Files\Microsoft VS Code\bin;C:\AppServ\php7;C:\laragon\bin\php\php-7.1.19-Win32-VC14-x64;C:\ProgramData\ComposerSetup\bin;C:\Program Files\Git\cmd;C:\Program Files\Intel\WiFi\bin\;C:\Program Files\Common Files\Intel\WirelessCommon\;C:\Users\Christian\AppData\Local\Programs\Python\Python37-32\Scripts\;C:\Users\Christian\AppData\Local\Programs\Python\Python37-32\;C:\Progra~1\Java\jdk1.8.0_141\bin;C:\laragon\bin;C:\laragon\bin\apache\httpd-2.4.27-win64-VC14\bin;C:\laragon\bin\composer;C:\laragon\bin\git\bin;C:\laragon\bin\git\cmd;C:\laragon\bin\git\mingw64\bin;C:\laragon\bin\git\usr\bin;C:\laragon\bin\laragon\utils;C:\laragon\bin\mysql\mysql-5.7.19-winx64\bin;C:\laragon\bin\nginx\nginx-1.14.0;C:\laragon\bin\ngrok;C:\laragon\bin\nodejs\node-v8;C:\laragon\bin\notepad++;C:\laragon\bin\php\php-7.1.19-Win32-VC14-x64;C:\laragon\bin\putty;C:\laragon\bin\redis\redis-x64-3.2.100;C:\laragon\bin\telnet;C:\laragon\bin\yarn\bin;C:\laragon\usr\bin;C:\Users\Christian\AppData\Local\Yarn\config\global\node_modules\.bin;C:\Users\Christian\AppData\Roaming\Composer\vendor\bin;C:\Users\Christian\AppData\Roaming\npm;C:\Program Files (x86)\Microsoft Visual Studio\Common\Tools\WinNT;C:\Program Files (x86)\Microsoft Visual Studio\Common\MSDev98\Bin;C:\Program Files (x86)\Microsoft Visual Studio\Common\Tools;C:\Program Files (x86)\Microsoft Visual Studio\VC98\bin;C:\Users\Christian\AppData\Local\Microsoft\WindowsApps;C:\Program Files\Microsoft VS Code\bin;;.]
2018-12-07 14:21:21.937  INFO 11772 --- [main] o.a.c.c.C.[Tomcat].[localhost].[/]       : Initializing Spring embedded WebApplicationContext
2018-12-07 14:21:21.938  INFO 11772 --- [main] o.s.web.context.ContextLoader            : Root WebApplicationContext: initialization completed in 6452 ms
2018-12-07 14:21:24.265  INFO 11772 --- [main] o.s.b.a.e.web.EndpointLinksResolver      : Exposing 2 endpoint(s) beneath base path '/actuator'
2018-12-07 14:21:24.745  INFO 11772 --- [main] o.s.s.concurrent.ThreadPoolTaskExecutor  : Initializing ExecutorService 'applicationTaskExecutor'
2018-12-07 14:21:25.140  INFO 11772 --- [main] d.s.w.p.DocumentationPluginsBootstrapper : Context refreshed
2018-12-07 14:21:25.180  INFO 11772 --- [main] d.s.w.p.DocumentationPluginsBootstrapper : Found 1 custom documentation plugin(s)
2018-12-07 14:21:25.193  INFO 11772 --- [main] s.d.s.w.s.ApiListingReferenceScanner     : Scanning for api listing references
2018-12-07 14:21:25.403  INFO 11772 --- [main] .d.s.w.r.o.CachingOperationNameGenerator : Generating unique operation named: Guardar Reserva_1
2018-12-07 14:21:25.412  INFO 11772 --- [main] .d.s.w.r.o.CachingOperationNameGenerator : Generating unique operation named: Actualizar Tarifa_1
2018-12-07 14:21:25.549  INFO 11772 --- [main] o.s.b.w.embedded.tomcat.TomcatWebServer  : Tomcat started on port(s): 8080 (http) with context path ''
2018-12-07 14:21:25.554  INFO 11772 --- [main] com.parking.app.AppApplication           : Started AppApplication in 13.18 seconds (JVM running for 14.588)
2018-12-07 14:21:47.746  INFO 11772 --- [http-nio-8080-exec-1] o.a.c.c.C.[Tomcat].[localhost].[/]       : Initializing Spring DispatcherServlet 'dispatcherServlet'
2018-12-07 14:21:47.747  INFO 11772 --- [http-nio-8080-exec-1] o.s.web.servlet.DispatcherServlet        : Initializing Servlet 'dispatcherServlet'
2018-12-07 14:21:47.761  INFO 11772 --- [http-nio-8080-exec-1] o.s.web.servlet.DispatcherServlet        : Completed initialization in 13 ms
2018-12-07 14:27:28.572  INFO 11772 --- [http-nio-8080-exec-7] com.zaxxer.hikari.HikariDataSource       : HikariPool-1 - Starting...
2018-12-07 14:27:28.734  WARN 11772 --- [http-nio-8080-exec-7] com.zaxxer.hikari.util.DriverDataSource  : Registered driver with driverClassName=com.mysql.jdbc.Driver was not found, trying direct instantiation.
2018-12-07 14:27:30.352  INFO 11772 --- [http-nio-8080-exec-7] com.zaxxer.hikari.HikariDataSource       : HikariPool-1 - Start completed.
